2016-03-15 20:57:10 CET FATAL:  password authentication failed for user "matus"
2016-03-15 20:57:10 CET DETAIL:  Connection matched pg_hba.conf line 82: "host    all             all             ::1/128                 md5"
2016-03-15 20:57:31 CET FATAL:  password authentication failed for user "matus"
2016-03-15 20:57:31 CET DETAIL:  Connection matched pg_hba.conf line 82: "host    all             all             ::1/128                 md5"
2016-03-15 20:57:50 CET FATAL:  password authentication failed for user "matus"
2016-03-15 20:57:50 CET DETAIL:  Connection matched pg_hba.conf line 82: "host    all             all             ::1/128                 md5"
2016-03-15 20:58:14 CET FATAL:  password authentication failed for user "root"
2016-03-15 20:58:14 CET DETAIL:  Connection matched pg_hba.conf line 82: "host    all             all             ::1/128                 md5"
2016-03-15 21:03:15 CET FATAL:  password authentication failed for user "postgres"
2016-03-15 21:03:15 CET DETAIL:  Connection matched pg_hba.conf line 82: "host    all             all             ::1/128                 md5"
2016-03-15 21:03:26 CET FATAL:  password authentication failed for user "postgres"
2016-03-15 21:03:26 CET DETAIL:  Connection matched pg_hba.conf line 82: "host    all             all             ::1/128                 md5"
2016-03-15 21:03:37 CET FATAL:  password authentication failed for user "postgres"
2016-03-15 21:03:37 CET DETAIL:  Connection matched pg_hba.conf line 82: "host    all             all             ::1/128                 md5"
2016-03-15 21:12:48 CET ERROR:  current user cannot be dropped
2016-03-15 21:12:48 CET STATEMENT:  DROP ROLE postgres;
2016-03-15 21:21:57 CET LOG:  invalid length of startup packet
2016-03-15 21:21:57 CET LOG:  invalid length of startup packet
2016-03-15 21:22:01 CET LOG:  invalid length of startup packet
2016-03-15 21:22:01 CET LOG:  invalid length of startup packet
2016-03-15 21:22:01 CET LOG:  invalid length of startup packet
2016-03-15 21:22:01 CET LOG:  invalid length of startup packet
2016-03-15 21:22:02 CET LOG:  invalid length of startup packet
2016-03-15 21:22:02 CET LOG:  invalid length of startup packet
2016-03-15 21:22:02 CET LOG:  invalid length of startup packet
2016-03-15 21:22:07 CET LOG:  invalid length of startup packet
2016-03-15 21:22:37 CET LOG:  invalid length of startup packet
2016-03-15 21:23:15 CET LOG:  invalid length of startup packet
2016-03-15 21:23:20 CET LOG:  invalid length of startup packet
2016-03-15 21:23:21 CET LOG:  invalid length of startup packet
2016-03-15 21:23:21 CET LOG:  invalid length of startup packet
2016-03-15 21:23:21 CET LOG:  invalid length of startup packet
2016-03-15 21:23:28 CET LOG:  invalid length of startup packet
2016-03-15 21:23:29 CET LOG:  invalid length of startup packet
2016-03-15 21:23:30 CET LOG:  invalid length of startup packet
2016-03-15 21:23:30 CET LOG:  invalid length of startup packet
2016-03-15 21:23:30 CET LOG:  invalid length of startup packet
2016-03-15 21:23:30 CET LOG:  invalid length of startup packet
2016-03-15 21:23:30 CET LOG:  invalid length of startup packet
2016-03-15 21:23:30 CET LOG:  invalid length of startup packet
2016-03-15 21:23:31 CET LOG:  invalid length of startup packet
2016-03-15 21:23:31 CET LOG:  invalid length of startup packet
2016-03-15 21:23:31 CET LOG:  invalid length of startup packet
2016-03-15 21:23:32 CET LOG:  invalid length of startup packet
2016-03-15 21:24:32 CET LOG:  invalid length of startup packet
2016-03-15 21:28:25 CET LOG:  invalid length of startup packet
2016-03-15 21:28:26 CET LOG:  invalid length of startup packet
2016-03-15 21:28:26 CET LOG:  invalid length of startup packet
2016-03-15 21:28:26 CET LOG:  invalid length of startup packet
2016-03-15 21:28:26 CET LOG:  invalid length of startup packet
2016-03-15 21:28:26 CET LOG:  invalid length of startup packet
2016-03-15 21:28:28 CET LOG:  invalid length of startup packet
2016-03-15 21:28:48 CET LOG:  invalid length of startup packet
2016-03-15 21:28:50 CET LOG:  invalid length of startup packet
2016-03-15 21:28:52 CET LOG:  invalid length of startup packet
2016-03-15 21:30:26 CET LOG:  invalid length of startup packet
2016-03-15 21:30:42 CET LOG:  invalid length of startup packet
2016-03-15 21:31:12 CET LOG:  invalid length of startup packet
2016-03-15 21:31:17 CET LOG:  invalid length of startup packet
2016-03-15 21:31:21 CET LOG:  invalid length of startup packet
2016-03-15 21:31:22 CET LOG:  invalid length of startup packet
2016-03-15 21:31:22 CET LOG:  invalid length of startup packet
2016-03-15 21:31:23 CET LOG:  invalid length of startup packet
2016-03-15 21:31:32 CET LOG:  invalid length of startup packet
2016-03-15 21:31:33 CET LOG:  invalid length of startup packet
2016-03-15 21:31:33 CET LOG:  invalid length of startup packet
2016-03-15 21:31:45 CET LOG:  invalid length of startup packet
2016-03-15 21:31:46 CET LOG:  invalid length of startup packet
2016-03-15 21:31:46 CET LOG:  invalid length of startup packet
2016-03-15 21:31:46 CET LOG:  invalid length of startup packet
2016-03-15 21:31:47 CET LOG:  invalid length of startup packet
2016-03-15 21:31:47 CET LOG:  invalid length of startup packet
2016-03-15 21:31:54 CET LOG:  invalid length of startup packet
2016-03-15 21:32:00 CET LOG:  invalid length of startup packet
2016-03-15 21:33:28 CET LOG:  could not receive data from client: No connection could be made because the target machine actively refused it.
	
2016-03-15 21:48:37 CET FATAL:  database "UXPtests" does not exist
2016-03-15 21:48:38 CET FATAL:  database "UXPtests" does not exist
2016-03-15 21:50:51 CET ERROR:  relation "tests" does not exist at character 95
2016-03-15 21:50:51 CET STATEMENT:  SELECT t.name, t.added_by, t.uploaded_string, t.last_modified_string, count(s.test_name) FROM tests t LEFT JOIN segments s ON t.name = s.test_name GROUP BY t.name
2016-03-15 21:50:52 CET ERROR:  relation "tests" does not exist at character 95
2016-03-15 21:50:52 CET STATEMENT:  SELECT t.name, t.added_by, t.uploaded_string, t.last_modified_string, count(s.test_name) FROM tests t LEFT JOIN segments s ON t.name = s.test_name GROUP BY t.name
2016-03-15 22:12:24 CET ERROR:  syntax error at or near "`" at character 14
2016-03-15 22:12:24 CET STATEMENT:  CREATE TABLE `tests` (
	  `name` VARCHAR(64) PRIMARY KEY,
	  `added_by` VARCHAR(64),
	  `uploaded` DATETIME,
	  `uploaded_string` VARCHAR(64),
	  `last_modified` DATETIME
	);
2016-03-15 22:12:53 CET ERROR:  syntax error at or near "`" at character 14
2016-03-15 22:12:53 CET STATEMENT:  CREATE TABLE `tests` (
	  name VARCHAR(64) PRIMARY KEY,
	  added_by VARCHAR(64),
	  uploaded DATETIME,
	  uploaded_string VARCHAR(64),
	  last_modified DATETIME
	);
2016-03-15 22:13:06 CET ERROR:  type "datetime" does not exist at character 89
2016-03-15 22:13:06 CET STATEMENT:  CREATE TABLE tests (
	  name VARCHAR(64) PRIMARY KEY,
	  added_by VARCHAR(64),
	  uploaded DATETIME,
	  uploaded_string VARCHAR(64),
	  last_modified DATETIME
	)
	;
2016-03-15 22:14:58 CET ERROR:  type "datetime" does not exist at character 89
2016-03-15 22:14:58 CET STATEMENT:  CREATE TABLE tests (
	  name VARCHAR(64) PRIMARY KEY,
	  added_by VARCHAR(64),
	  uploaded DATETIME,
	  uploaded_string VARCHAR(64),
	  last_modified TIMESTAMP
	)
	;
2016-03-15 22:17:53 CET ERROR:  syntax error at or near "AUTOINCREMENT" at character 50
2016-03-15 22:17:53 CET STATEMENT:  CREATE TABLE segments (
	  id INTEGER PRIMARY KEY AUTOINCREMENT,
	  test_name VARCHAR(64),
	  added_by VARCHAR(64),
	  uploaded TIMESTAMP,
	);
2016-03-15 22:18:29 CET ERROR:  syntax error at or near ")" at character 121
2016-03-15 22:18:29 CET STATEMENT:  CREATE TABLE segments (
	  id SERIAL PRIMARY KEY,
	  test_name VARCHAR(64),
	  added_by VARCHAR(64),
	  uploaded TIMESTAMP,
	);
2016-03-15 22:36:50 CET LOG:  could not receive data from client: No connection could be made because the target machine actively refused it.
	
2016-03-15 22:36:52 CET LOG:  could not receive data from client: No connection could be made because the target machine actively refused it.
	
2016-03-15 22:36:52 CET LOG:  could not receive data from client: No connection could be made because the target machine actively refused it.
	
2016-03-15 22:38:04 CET LOG:  invalid length of startup packet
2016-03-15 22:38:04 CET LOG:  invalid length of startup packet
